Arguments: 
  C:\Program Files\nodejs\node.exe C:\Users\mralo\AppData\Roaming\npm\node_modules\yarn\bin\yarn.js start

PATH: 
  C:\Program Files\Git\mingw64\bin;C:\Program Files\Git\usr\bin;C:\Users\mralo\bin;C:\WINDOWS\system32;C:\WINDOWS;C:\WINDOWS\System32\Wbem;C:\WINDOWS\System32\WindowsPowerShell\v1.0;C:\Program Files\dotnet;C:\Program Files\Microsoft SQL Server\130\Tools\Binn;C:\WINDOWS\System32\OpenSSH;C:\sqlite;C:\GnuPG\bin;C:\Program Files\Microsoft VS Code\bin;C:\Program Files\nodejs;C:\Program Files\Git\cmd;C:\Users\mralo\AppData\Local\Programs\Python\Python37\Scripts;C:\Users\mralo\AppData\Local\Programs\Python\Python37;C:\Python36-32\Scripts;C:\Python36-32;C:\Users\mralo\AppData\Local\Microsoft\WindowsApps;C:\Users\mralo\AppData\Local\hyper\app-2.0.0\resources\bin;C:\Heroku\bin;C:\Users\mralo\AppData\Roaming\npm;C:\Users\mralo\AppData\Local\atom\bin

Yarn version: 
  1.5.1

Node version: 
  10.7.0

Platform: 
  win32 x64

npm manifest: 
  No manifest

yarn manifest: 
  No manifest

Lockfile: 
  No lockfile

Trace: 
  Error: Couldn't find a package.json file in "C:\\Users\\mralo\\OneDrive\\spider_router"
      at new MessageError (C:\Users\mralo\AppData\Roaming\npm\node_modules\yarn\lib\cli.js:186:110)
      at C:\Users\mralo\AppData\Roaming\npm\node_modules\yarn\lib\cli.js:40048:15
      at Generator.next (<anonymous>)
      at step (C:\Users\mralo\AppData\Roaming\npm\node_modules\yarn\lib\cli.js:98:30)
      at C:\Users\mralo\AppData\Roaming\npm\node_modules\yarn\lib\cli.js:109:13
